#
# There is insufficient memory for the Java Runtime Environment to continue.
# Native memory allocation (malloc) failed to allocate 1609008 bytes. Error detail: Chunk::new
# Possible reasons:
#   The system is out of physical RAM or swap space
#   This process is running with CompressedOops enabled, and the Java Heap may be blocking the growth of the native heap
# Possible solutions:
#   Reduce memory load on the system
#   Increase physical memory or swap space
#   Check if swap backing store is full
#   Decrease Java heap size (-Xmx/-Xms)
#   Decrease number of Java threads
#   Decrease Java thread stack sizes (-Xss)
#   Set larger code cache with -XX:ReservedCodeCacheSize=
#   JVM is running with Unscaled Compressed Oops mode in which the Java heap is
#     placed in the first 4GB address space. The Java Heap base address is the
#     maximum limit for the native heap growth. Please use -XX:HeapBaseMinAddress
#     to set the Java Heap base and to place the Java Heap above 4GB virtual address.
# This output file may be truncated or incomplete.
#
#  Out of Memory Error (arena.cpp:191), pid=30604, tid=25432
#
# JRE version: OpenJDK Runtime Environment Temurin-17.0.13+11 (17.0.13+11) (build 17.0.13+11)
# Java VM: OpenJDK 64-Bit Server VM Temurin-17.0.13+11 (17.0.13+11, mixed mode, tiered, compressed oops, compressed class ptrs, parallel gc, windows-amd64)
# No core dump will be written. Minidumps are not enabled by default on client versions of Windows
#

---------------  S U M M A R Y ------------

Command Line: --add-modules=ALL-SYSTEM --add-opens=java.base/java.util=ALL-UNNAMED --add-opens=java.base/java.lang=ALL-UNNAMED --add-opens=java.base/sun.nio.fs=ALL-UNNAMED -Declipse.application=org.eclipse.jdt.ls.core.id1 -Dosgi.bundles.defaultStartLevel=4 -Declipse.product=org.eclipse.jdt.ls.core.product -Djava.import.generatesMetadataFilesAtProjectRoot=false -DDetectVMInstallationsJob.disabled=true -Dfile.encoding=utf8 -XX:+UseParallelGC -XX:GCTimeRatio=4 -XX:AdaptiveSizePolicyWeight=90 -Dsun.zip.disableMemoryMapping=true -Xmx1G -Xms100m -Xlog:disable -javaagent:c:\Users\OmarAlfredoNoriegaNi\.vscode\extensions\redhat.java-1.36.0-win32-x64\lombok\lombok-1.18.35.jar -XX:+HeapDumpOnOutOfMemoryError -XX:HeapDumpPath=c:\Users\OmarAlfredoNoriegaNi\AppData\Roaming\Code\User\workspaceStorage\29786f4ee22b15c147bd62439a4c0332\redhat.java -Daether.dependencyCollector.impl=bf c:\Users\OmarAlfredoNoriegaNi\.vscode\extensions\redhat.java-1.36.0-win32-x64\server\plugins\org.eclipse.equinox.launcher_1.6.900.v20240613-2009.jar -configuration c:\Users\OmarAlfredoNoriegaNi\AppData\Roaming\Code\User\globalStorage\redhat.java\1.36.0\config_win -data c:\Users\OmarAlfredoNoriegaNi\AppData\Roaming\Code\User\workspaceStorage\29786f4ee22b15c147bd62439a4c0332\redhat.java\jdt_ws --pipe=\\.\pipe\lsp-db01f1fcee43ffd3c0535e91638542fa-sock

Host: 11th Gen Intel(R) Core(TM) i5-1145G7 @ 2.60GHz, 8 cores, 15G,  Windows 10 , 64 bit Build 19041 (10.0.19041.5072)
Time: Wed Nov 20 13:28:57 2024 SA Pacific Standard Time elapsed time: 34.525184 seconds (0d 0h 0m 34s)

---------------  T H R E A D  ---------------

Current thread (0x00000233c9767de0):  JavaThread "C2 CompilerThread0" daemon [_thread_in_native, id=25432, stack(0x0000004f24800000,0x0000004f24900000)]


Current CompileTask:
C2:  34525 10528   !   4       java.nio.file.FileTreeWalker::next (144 bytes)

Stack: [0x0000004f24800000,0x0000004f24900000]
Native frames: (J=compiled Java code, j=interpreted, Vv=VM code, C=native code)
V  [jvm.dll+0x682a19]
V  [jvm.dll+0x839538]
V  [jvm.dll+0x83afe3]
V  [jvm.dll+0x83b653]
V  [jvm.dll+0x24704f]
V  [jvm.dll+0xace34]
V  [jvm.dll+0xad4cc]
V  [jvm.dll+0x36597e]
V  [jvm.dll+0x1ba989]
V  [jvm.dll+0x2181a7]
V  [jvm.dll+0x21748f]
V  [jvm.dll+0x1a3070]
V  [jvm.dll+0x22788c]
V  [jvm.dll+0x2259eb]
V  [jvm.dll+0x7eec98]
V  [jvm.dll+0x7e8ffc]
V  [jvm.dll+0x6818f7]
C  [ucrtbase.dll+0x21bb2]
C  [KERNEL32.DLL+0x17374]
C  [ntdll.dll+0x4cc91]


---------------  P R O C E S S  ---------------

Threads class SMR info:
_java_thread_list=0x00000233d4d597a0, length=61, elements={
0x00000233b58e4dd0, 0x00000233ce7c53e0, 0x00000233ce7c6bd0, 0x00000233c9765110,
0x00000233c9765ad0, 0x00000233c9766490, 0x00000233c97671e0, 0x00000233c9767de0,
0x00000233ce7efac0, 0x00000233ce8626e0, 0x00000233b594f700, 0x00000233ceb69ac0,
0x00000233d0229ce0, 0x00000233d01e4bd0, 0x00000233d01de710, 0x00000233d01f2f10,
0x00000233d082b5b0, 0x00000233d0423050, 0x00000233d079e030, 0x00000233d0442990,
0x00000233d04433b0, 0x00000233d0441f70, 0x00000233d0442ea0, 0x00000233d2aa2410,
0x00000233d2aa4c90, 0x00000233d2aa51a0, 0x00000233d2aa14e0, 0x00000233d2aa3340,
0x00000233d2aa6af0, 0x00000233d2aa2920, 0x00000233d2aa3d60, 0x00000233d2aa1f00,
0x00000233d2aa56b0, 0x00000233d2aa4270, 0x00000233d2aa19f0, 0x00000233d2aa5bc0,
0x00000233d2aa65e0, 0x00000233d2aa7000, 0x00000233d2aa2e30, 0x00000233d2aa7a20,
0x00000233d2aa7510, 0x00000233d2aa05b0, 0x00000233d2aa0ac0, 0x00000233d2aa0fd0,
0x00000233d0d0af40, 0x00000233d0d0b960, 0x00000233d0d11990, 0x00000233d0d0dcd0,
0x00000233d0d0f110, 0x00000233d0d0f620, 0x00000233d0d0fb30, 0x00000233d0d0ec00,
0x00000233d0d0e6f0, 0x00000233d0d10040, 0x00000233d0d0be70, 0x00000233d0d0e1e0,
0x00000233d0d10550, 0x00000233d0d10a60, 0x00000233d0d0d2b0, 0x00000233d0d10f70,
0x00000233ceadd4e0
}

Java Threads: ( => current thread )
  0x00000233b58e4dd0 JavaThread "main" [_thread_blocked, id=25540, stack(0x0000004f23f00000,0x0000004f24000000)]
  0x00000233ce7c53e0 JavaThread "Reference Handler" daemon [_thread_blocked, id=6316, stack(0x0000004f24200000,0x0000004f24300000)]
  0x00000233ce7c6bd0 JavaThread "Finalizer" daemon [_thread_blocked, id=12492, stack(0x0000004f24300000,0x0000004f24400000)]
  0x00000233c9765110 JavaThread "Signal Dispatcher" daemon [_thread_blocked, id=15872, stack(0x0000004f24400000,0x0000004f24500000)]
  0x00000233c9765ad0 JavaThread "Attach Listener" daemon [_thread_blocked, id=7076, stack(0x0000004f24500000,0x0000004f24600000)]
  0x00000233c9766490 JavaThread "Service Thread" daemon [_thread_blocked, id=20780, stack(0x0000004f24600000,0x0000004f24700000)]
  0x00000233c97671e0 JavaThread "Monitor Deflation Thread" daemon [_thread_blocked, id=23248, stack(0x0000004f24700000,0x0000004f24800000)]
=>0x00000233c9767de0 JavaThread "C2 CompilerThread0" daemon [_thread_in_native, id=25432, stack(0x0000004f24800000,0x0000004f24900000)]
  0x00000233ce7efac0 JavaThread "C1 CompilerThread0" daemon [_thread_blocked, id=26240, stack(0x0000004f24900000,0x0000004f24a00000)]
  0x00000233ce8626e0 JavaThread "Sweeper thread" daemon [_thread_blocked, id=14660, stack(0x0000004f24a00000,0x0000004f24b00000)]
  0x00000233b594f700 JavaThread "Common-Cleaner" daemon [_thread_blocked, id=29128, stack(0x0000004f24b00000,0x0000004f24c00000)]
  0x00000233ceb69ac0 JavaThread "Notification Thread" daemon [_thread_blocked, id=33736, stack(0x0000004f24c00000,0x0000004f24d00000)]
  0x00000233d0229ce0 JavaThread "Active Thread: Equinox Container: 65a39c7c-148b-490d-89aa-2e1c58d41a42" [_thread_blocked, id=37220, stack(0x0000004f25500000,0x0000004f25600000)]
  0x00000233d01e4bd0 JavaThread "Refresh Thread: Equinox Container: 65a39c7c-148b-490d-89aa-2e1c58d41a42" daemon [_thread_blocked, id=21524, stack(0x0000004f24e00000,0x0000004f24f00000)]
  0x00000233d01de710 JavaThread "Framework Event Dispatcher: Equinox Container: 65a39c7c-148b-490d-89aa-2e1c58d41a42" daemon [_thread_blocked, id=22488, stack(0x0000004f25600000,0x0000004f25700000)]
  0x00000233d01f2f10 JavaThread "Start Level: Equinox Container: 65a39c7c-148b-490d-89aa-2e1c58d41a42" daemon [_thread_blocked, id=32408, stack(0x0000004f25700000,0x0000004f25800000)]
  0x00000233d082b5b0 JavaThread "Bundle File Closer" daemon [_thread_blocked, id=24524, stack(0x0000004f25900000,0x0000004f25a00000)]
  0x00000233d0423050 JavaThread "SCR Component Actor" daemon [_thread_blocked, id=11848, stack(0x0000004f25a00000,0x0000004f25b00000)]
  0x00000233d079e030 JavaThread "Worker-JM" [_thread_blocked, id=37324, stack(0x0000004f25c00000,0x0000004f25d00000)]
  0x00000233d0442990 JavaThread "JNA Cleaner" daemon [_thread_blocked, id=23224, stack(0x0000004f25d00000,0x0000004f25e00000)]
  0x00000233d04433b0 JavaThread "Worker-0: Initialize Workspace" [_thread_in_native, id=5092, stack(0x0000004f25e00000,0x0000004f25f00000)]
  0x00000233d0441f70 JavaThread "Worker-1" [_thread_blocked, id=25740, stack(0x0000004f25f00000,0x0000004f26000000)]
  0x00000233d0442ea0 JavaThread "Java indexing" daemon [_thread_in_native, id=37080, stack(0x0000004f26100000,0x0000004f26200000)]
  0x00000233d2aa2410 JavaThread "Thread-2" daemon [_thread_in_native, id=18428, stack(0x0000004f26500000,0x0000004f26600000)]
  0x00000233d2aa4c90 JavaThread "Thread-3" daemon [_thread_in_native, id=27404, stack(0x0000004f26600000,0x0000004f26700000)]
  0x00000233d2aa51a0 JavaThread "Thread-4" daemon [_thread_in_native, id=35984, stack(0x0000004f26700000,0x0000004f26800000)]
  0x00000233d2aa14e0 JavaThread "Thread-5" daemon [_thread_in_native, id=19116, stack(0x0000004f26800000,0x0000004f26900000)]
  0x00000233d2aa3340 JavaThread "Thread-6" daemon [_thread_in_native, id=36444, stack(0x0000004f26900000,0x0000004f26a00000)]
  0x00000233d2aa6af0 JavaThread "Thread-7" daemon [_thread_in_native, id=36968, stack(0x0000004f26a00000,0x0000004f26b00000)]
  0x00000233d2aa2920 JavaThread "Thread-8" daemon [_thread_in_native, id=18320, stack(0x0000004f26b00000,0x0000004f26c00000)]
  0x00000233d2aa3d60 JavaThread "Thread-9" daemon [_thread_in_native, id=26476, stack(0x0000004f26c00000,0x0000004f26d00000)]
  0x00000233d2aa1f00 JavaThread "Thread-10" daemon [_thread_in_native, id=33820, stack(0x0000004f26d00000,0x0000004f26e00000)]
  0x00000233d2aa56b0 JavaThread "pool-2-thread-1" [_thread_blocked, id=30832, stack(0x0000004f26e00000,0x0000004f26f00000)]
  0x00000233d2aa4270 JavaThread "Worker-2" [_thread_blocked, id=36264, stack(0x0000004f26f00000,0x0000004f27000000)]
  0x00000233d2aa19f0 JavaThread "Worker-3: Java indexing... " [_thread_blocked, id=13956, stack(0x0000004f27000000,0x0000004f27100000)]
  0x00000233d2aa5bc0 JavaThread "WorkspaceEventsHandler" [_thread_blocked, id=17136, stack(0x0000004f27100000,0x0000004f27200000)]
  0x00000233d2aa65e0 JavaThread "pool-1-thread-1" [_thread_blocked, id=18500, stack(0x0000004f27200000,0x0000004f27300000)]
  0x00000233d2aa7000 JavaThread "Worker-4" [_thread_blocked, id=30620, stack(0x0000004f27300000,0x0000004f27400000)]
  0x00000233d2aa2e30 JavaThread "Worker-5" [_thread_blocked, id=36380, stack(0x0000004f27400000,0x0000004f27500000)]
  0x00000233d2aa7a20 JavaThread "LocalFile Deleter" daemon [_thread_blocked, id=26596, stack(0x0000004f25b00000,0x0000004f25c00000)]
  0x00000233d2aa7510 JavaThread "LocalFile Deleter" daemon [_thread_blocked, id=38668, stack(0x0000004f26000000,0x0000004f26100000)]
  0x00000233d2aa05b0 JavaThread "LocalFile Deleter" daemon [_thread_blocked, id=35688, stack(0x0000004f26200000,0x0000004f26300000)]
  0x00000233d2aa0ac0 JavaThread "LocalFile Deleter" daemon [_thread_blocked, id=37156, stack(0x0000004f27500000,0x0000004f27600000)]
  0x00000233d2aa0fd0 JavaThread "LocalFile Deleter" daemon [_thread_blocked, id=20552, stack(0x0000004f27600000,0x0000004f27700000)]
  0x00000233d0d0af40 JavaThread "LocalFile Deleter" daemon [_thread_blocked, id=11376, stack(0x0000004f27700000,0x0000004f27800000)]
  0x00000233d0d0b960 JavaThread "LocalFile Deleter" daemon [_thread_blocked, id=8248, stack(0x0000004f27800000,0x0000004f27900000)]
  0x00000233d0d11990 JavaThread "LocalFile Deleter" daemon [_thread_blocked, id=20740, stack(0x0000004f27900000,0x0000004f27a00000)]
  0x00000233d0d0dcd0 JavaThread "Compiler Source File Reader" daemon [_thread_blocked, id=14640, stack(0x0000004f27a00000,0x0000004f27b00000)]
  0x00000233d0d0f110 JavaThread "Compiler Source File Reader" daemon [_thread_blocked, id=27540, stack(0x0000004f27b00000,0x0000004f27c00000)]
  0x00000233d0d0f620 JavaThread "Compiler Source File Reader" daemon [_thread_blocked, id=29608, stack(0x0000004f27c00000,0x0000004f27d00000)]
  0x00000233d0d0fb30 JavaThread "Compiler Source File Reader" daemon [_thread_blocked, id=25708, stack(0x0000004f27d00000,0x0000004f27e00000)]
  0x00000233d0d0ec00 JavaThread "Compiler Source File Reader" daemon [_thread_blocked, id=2556, stack(0x0000004f27e00000,0x0000004f27f00000)]
  0x00000233d0d0e6f0 JavaThread "Compiler Source File Reader" daemon [_thread_blocked, id=9384, stack(0x0000004f27f00000,0x0000004f28000000)]
  0x00000233d0d10040 JavaThread "Compiler Processing Task" daemon [_thread_blocked, id=26224, stack(0x0000004f28200000,0x0000004f28300000)]
  0x00000233d0d0be70 JavaThread "Compiler Class File Writer" daemon [_thread_blocked, id=35388, stack(0x0000004f28300000,0x0000004f28400000)]
  0x00000233d0d0e1e0 JavaThread "Compiler Class File Writer" daemon [_thread_blocked, id=19828, stack(0x0000004f28400000,0x0000004f28500000)]
  0x00000233d0d10550 JavaThread "Compiler Class File Writer" daemon [_thread_blocked, id=30848, stack(0x0000004f28500000,0x0000004f28600000)]
  0x00000233d0d10a60 JavaThread "Compiler Class File Writer" daemon [_thread_blocked, id=32096, stack(0x0000004f28600000,0x0000004f28700000)]
  0x00000233d0d0d2b0 JavaThread "Compiler Class File Writer" daemon [_thread_blocked, id=38496, stack(0x0000004f28700000,0x0000004f28800000)]
  0x00000233d0d10f70 JavaThread "Compiler Class File Writer" daemon [_thread_blocked, id=30752, stack(0x0000004f28800000,0x0000004f28900000)]
  0x00000233ceadd4e0 JavaThread "C2 CompilerThread1" daemon [_thread_blocked, id=26136, stack(0x0000004f23d00000,0x0000004f23e00000)]

Other Threads:
  0x00000233ce7b14b0 VMThread "VM Thread" [stack: 0x0000004f24100000,0x0000004f24200000] [id=38608]
  0x00000233cead9660 WatcherThread [stack: 0x0000004f24d00000,0x0000004f24e00000] [id=34652]
  0x00000233b58f4b30 GCTaskThread "GC Thread#0" [stack: 0x0000004f24000000,0x0000004f24100000] [id=35472]
  0x00000233ceb4e7b0 GCTaskThread "GC Thread#1" [stack: 0x0000004f24f00000,0x0000004f25000000] [id=26324]
  0x00000233d0154020 GCTaskThread "GC Thread#2" [stack: 0x0000004f25000000,0x0000004f25100000] [id=34020]
  0x00000233d013a410 GCTaskThread "GC Thread#3" [stack: 0x0000004f25100000,0x0000004f25200000] [id=3412]
  0x00000233d013a6d0 GCTaskThread "GC Thread#4" [stack: 0x0000004f25200000,0x0000004f25300000] [id=38632]
  0x00000233d0037c50 GCTaskThread "GC Thread#5" [stack: 0x0000004f25300000,0x0000004f25400000] [id=36860]
  0x00000233d0037f10 GCTaskThread "GC Thread#6" [stack: 0x0000004f25400000,0x0000004f25500000] [id=34036]
  0x00000233d02fe530 GCTaskThread "GC Thread#7" [stack: 0x0000004f25800000,0x0000004f25900000] [id=28592]

Threads with active compile tasks:
C2 CompilerThread0    49898 10528   !   4       java.nio.file.FileTreeWalker::next (144 bytes)

VM state: not at safepoint (normal execution)

VM Mutex/Monitor currently owned by a thread: None

Heap address: 0x00000000c0000000, size: 1024 MB, Compressed Oops mode: 32-bit

CDS archive(s) not mapped
Compressed class space mapped at: 0x0000000100000000-0x0000000140000000, reserved size: 1073741824
Narrow klass base: 0x0000000000000000, Narrow klass shift: 3, Narrow klass range: 0x140000000

GC Precious Log:
 CPUs: 8 total, 8 available
 Memory: 16087M
 Large Page Support: Disabled
 NUMA Support: Disabled
 Compressed Oops: Enabled (32-bit)
 Alignments: Space 512K, Generation 512K, Heap 2M
 Heap Min Capacity: 100M
 Heap Initial Capacity: 100M
 Heap Max Capacity: 1G
 Pre-touch: Disabled
 Parallel Workers: 8

Heap:
 PSYoungGen      total 5120K, used 4069K [0x00000000eab00000, 0x00000000eb300000, 0x0000000100000000)
  eden space 4096K, 74% used [0x00000000eab00000,0x00000000eadfaf00,0x00000000eaf00000)
  from space 1024K, 99% used [0x00000000eb100000,0x00000000eb1fe680,0x00000000eb200000)
  to   space 2048K, 0% used [0x00000000eaf00000,0x00000000eaf00000,0x00000000eb100000)
 ParOldGen       total 355840K, used 346191K [0x00000000c0000000, 0x00000000d5b80000, 0x00000000eab00000)
  object space 355840K, 97% used [0x00000000c0000000,0x00000000d5213f38,0x00000000d5b80000)
 Metaspace       used 67985K, committed 69248K, reserved 1114112K
  class space    used 7102K, committed 7680K, reserved 1048576K

Card table byte_map: [0x00000233b5270000,0x00000233b5480000] _byte_map_base: 0x00000233b4c70000

Marking Bits: (ParMarkBitMap*) 0x00007ffcd5cc6940
 Begin Bits: [0x00000233c7570000, 0x00000233c8570000)
 End Bits:   [0x00000233c8570000, 0x00000233c9570000)

Polling page: 0x00000233b3810000

Metaspace:

Usage:
  Non-class:     59.46 MB used.
      Class:      6.94 MB used.
       Both:     66.39 MB used.

Virtual space:
  Non-class space:       64.00 MB reserved,      60.12 MB ( 94%) committed,  1 nodes.
      Class space:        1.00 GB reserved,       7.50 MB ( <1%) committed,  1 nodes.
             Both:        1.06 GB reserved,      67.62 MB (  6%) committed. 

Chunk freelists:
   Non-Class:  3.69 MB
       Class:  8.48 MB
        Both:  12.17 MB

MaxMetaspaceSize: unlimited
CompressedClassSpaceSize: 1.00 GB
Initial GC threshold: 21.00 MB
Current GC threshold: 112.62 MB
CDS: off
MetaspaceReclaimPolicy: balanced
 - commit_granule_bytes: 65536.
 - commit_granule_words: 8192.
 - virtual_space_node_default_size: 8388608.
 - enlarge_chunks_in_place: 1.
 - new_chunks_are_fully_committed: 0.
 - uncommit_free_chunks: 1.
 - use_allocation_guard: 0.
 - handle_deallocations: 1.


Internal statistics:

num_allocs_failed_limit: 6.
num_arena_births: 888.
num_arena_deaths: 22.
num_vsnodes_births: 2.
num_vsnodes_deaths: 0.
num_space_committed: 1082.
num_space_uncommitted: 0.
num_chunks_returned_to_freelist: 32.
num_chunks_taken_from_freelist: 3699.
num_chunk_merges: 11.
num_chunk_splits: 2276.
num_chunks_enlarged: 1297.
num_inconsistent_stats: 0.

CodeHeap 'non-profiled nmethods': size=120000Kb used=6633Kb max_used=7395Kb free=113366Kb
 bounds [0x00000233c0040000, 0x00000233c0780000, 0x00000233c7570000]
CodeHeap 'profiled nmethods': size=120000Kb used=17588Kb max_used=19617Kb free=102411Kb
 bounds [0x00000233b8570000, 0x00000233b98a0000, 0x00000233bfaa0000]
CodeHeap 'non-nmethods': size=5760Kb used=1365Kb max_used=1432Kb free=4394Kb
 bounds [0x00000233bfaa0000, 0x00000233bfd10000, 0x00000233c0040000]
 total_blobs=9394 nmethods=8691 adapters=615
 compilation: enabled
              stopped_count=0, restarted_count=0
 full_count=0

Compilation events (20 events):
Event: 34.121 Thread 0x00000233c9767de0 nmethod 10524 0x00000233c0745490 code [0x00000233c0745620, 0x00000233c0745738]
Event: 34.121 Thread 0x00000233c9767de0 10525       4       java.lang.Character::toLowerCase (9 bytes)
Event: 34.122 Thread 0x00000233c9767de0 nmethod 10525 0x00000233c0745890 code [0x00000233c0745a20, 0x00000233c0745b38]
Event: 34.150 Thread 0x00000233c9767de0 10527       4       java.util.regex.Pattern::next (33 bytes)
Event: 34.151 Thread 0x00000233c9767de0 nmethod 10527 0x00000233c0745c90 code [0x00000233c0745e00, 0x00000233c0745ef8]
Event: 34.161 Thread 0x00000233c9767de0 10528   !   4       java.nio.file.FileTreeWalker::next (144 bytes)
Event: 34.181 Thread 0x00000233ce7efac0 10529   !   3       java.nio.file.FileTreeWalker::visit (204 bytes)
Event: 34.182 Thread 0x00000233ce7efac0 nmethod 10529 0x00000233b983b490 code [0x00000233b983b7e0, 0x00000233b983cb48]
Event: 34.296 Thread 0x00000233ce7efac0 10530   !   3       java.util.regex.Pattern::<init> (146 bytes)
Event: 34.297 Thread 0x00000233ce7efac0 nmethod 10530 0x00000233b983d310 code [0x00000233b983d600, 0x00000233b983e538]
Event: 34.297 Thread 0x00000233ce7efac0 10531       3       sun.nio.fs.Globs::isRegexMeta (16 bytes)
Event: 34.297 Thread 0x00000233ce7efac0 nmethod 10531 0x00000233b983eb10 code [0x00000233b983ece0, 0x00000233b983efe8]
Event: 34.461 Thread 0x00000233ce7efac0 10532       3       java.lang.Throwable::<init> (29 bytes)
Event: 34.462 Thread 0x00000233ce7efac0 nmethod 10532 0x00000233b983f110 code [0x00000233b983f2c0, 0x00000233b983f528]
Event: 34.480 Thread 0x00000233ce7efac0 10534       3       sun.nio.fs.WindowsDirectoryStream$WindowsDirectoryIterator::isSelfOrParent (24 bytes)
Event: 34.480 Thread 0x00000233ce7efac0 nmethod 10534 0x00000233b983f610 code [0x00000233b983f7c0, 0x00000233b983f9d8]
Event: 34.482 Thread 0x00000233ce7efac0 10535       3       sun.nio.fs.WindowsPath::compareTo (118 bytes)
Event: 34.483 Thread 0x00000233ce7efac0 nmethod 10535 0x00000233b983fb10 code [0x00000233b983fe40, 0x00000233b98412c8]
Event: 34.485 Thread 0x00000233ce7efac0 10536   !   3       java.nio.file.FileTreeWalker::getAttributes (94 bytes)
Event: 34.486 Thread 0x00000233ce7efac0 nmethod 10536 0x00000233b9841c90 code [0x00000233b9841f40, 0x00000233b9843068]

GC Heap History (20 events):
Event: 33.290 GC heap before
{Heap before GC invocations=352 (full 9):
 PSYoungGen      total 6144K, used 5832K [0x00000000eab00000, 0x00000000eb280000, 0x0000000100000000)
  eden space 4608K, 100% used [0x00000000eab00000,0x00000000eaf80000,0x00000000eaf80000)
  from space 1536K, 79% used [0x00000000eaf80000,0x00000000eb0b23e8,0x00000000eb100000)
  to   space 1536K, 0% used [0x00000000eb100000,0x00000000eb100000,0x00000000eb280000)
 ParOldGen       total 250368K, used 244281K [0x00000000c0000000, 0x00000000cf480000, 0x00000000eab00000)
  object space 250368K, 97% used [0x00000000c0000000,0x00000000cee8e488,0x00000000cf480000)
 Metaspace       used 67420K, committed 68672K, reserved 1114112K
  class space    used 7055K, committed 7616K, reserved 1048576K
}
Event: 33.301 GC heap after
{Heap after GC invocations=352 (full 9):
 PSYoungGen      total 5120K, used 1516K [0x00000000eab00000, 0x00000000eb580000, 0x0000000100000000)
  eden space 3584K, 0% used [0x00000000eab00000,0x00000000eab00000,0x00000000eae80000)
  from space 1536K, 98% used [0x00000000eb100000,0x00000000eb27b098,0x00000000eb280000)
  to   space 2560K, 0% used [0x00000000eae80000,0x00000000eae80000,0x00000000eb100000)
 ParOldGen       total 250368K, used 244935K [0x00000000c0000000, 0x00000000cf480000, 0x00000000eab00000)
  object space 250368K, 97% used [0x00000000c0000000,0x00000000cef31ca8,0x00000000cf480000)
 Metaspace       used 67420K, committed 68672K, reserved 1114112K
  class space    used 7055K, committed 7616K, reserved 1048576K
}
Event: 33.319 GC heap before
{Heap before GC invocations=353 (full 9):
 PSYoungGen      total 5120K, used 5100K [0x00000000eab00000, 0x00000000eb580000, 0x0000000100000000)
  eden space 3584K, 100% used [0x00000000eab00000,0x00000000eae80000,0x00000000eae80000)
  from space 1536K, 98% used [0x00000000eb100000,0x00000000eb27b098,0x00000000eb280000)
  to   space 2560K, 0% used [0x00000000eae80000,0x00000000eae80000,0x00000000eb100000)
 ParOldGen       total 250368K, used 244935K [0x00000000c0000000, 0x00000000cf480000, 0x00000000eab00000)
  object space 250368K, 97% used [0x00000000c0000000,0x00000000cef31ca8,0x00000000cf480000)
 Metaspace       used 67420K, committed 68672K, reserved 1114112K
  class space    used 7055K, committed 7616K, reserved 1048576K
}
Event: 33.321 GC heap after
{Heap after GC invocations=353 (full 9):
 PSYoungGen      total 6144K, used 936K [0x00000000eab00000, 0x00000000eb280000, 0x0000000100000000)
  eden space 3584K, 0% used [0x00000000eab00000,0x00000000eab00000,0x00000000eae80000)
  from space 2560K, 36% used [0x00000000eae80000,0x00000000eaf6a1d8,0x00000000eb100000)
  to   space 1536K, 0% used [0x00000000eb100000,0x00000000eb100000,0x00000000eb280000)
 ParOldGen       total 250368K, used 246426K [0x00000000c0000000, 0x00000000cf480000, 0x00000000eab00000)
  object space 250368K, 98% used [0x00000000c0000000,0x00000000cf0a6b50,0x00000000cf480000)
 Metaspace       used 67420K, committed 68672K, reserved 1114112K
  class space    used 7055K, committed 7616K, reserved 1048576K
}
Event: 33.599 GC heap before
{Heap before GC invocations=354 (full 9):
 PSYoungGen      total 6144K, used 4520K [0x00000000eab00000, 0x00000000eb280000, 0x0000000100000000)
  eden space 3584K, 100% used [0x00000000eab00000,0x00000000eae80000,0x00000000eae80000)
  from space 2560K, 36% used [0x00000000eae80000,0x00000000eaf6a1d8,0x00000000eb100000)
  to   space 1536K, 0% used [0x00000000eb100000,0x00000000eb100000,0x00000000eb280000)
 ParOldGen       total 250368K, used 246426K [0x00000000c0000000, 0x00000000cf480000, 0x00000000eab00000)
  object space 250368K, 98% used [0x00000000c0000000,0x00000000cf0a6b50,0x00000000cf480000)
 Metaspace       used 67423K, committed 68672K, reserved 1114112K
  class space    used 7055K, committed 7616K, reserved 1048576K
}
Event: 33.601 GC heap after
{Heap after GC invocations=354 (full 9):
 PSYoungGen      total 4608K, used 896K [0x00000000eab00000, 0x00000000eb200000, 0x0000000100000000)
  eden space 3584K, 0% used [0x00000000eab00000,0x00000000eab00000,0x00000000eae80000)
  from space 1024K, 87% used [0x00000000eb100000,0x00000000eb1e0000,0x00000000eb200000)
  to   space 1024K, 0% used [0x00000000eb000000,0x00000000eb000000,0x00000000eb100000)
 ParOldGen       total 250368K, used 247255K [0x00000000c0000000, 0x00000000cf480000, 0x00000000eab00000)
  object space 250368K, 98% used [0x00000000c0000000,0x00000000cf175d68,0x00000000cf480000)
 Metaspace       used 67423K, committed 68672K, reserved 1114112K
  class space    used 7055K, committed 7616K, reserved 1048576K
}
Event: 33.740 GC heap before
{Heap before GC invocations=355 (full 9):
 PSYoungGen      total 4608K, used 4480K [0x00000000eab00000, 0x00000000eb200000, 0x0000000100000000)
  eden space 3584K, 100% used [0x00000000eab00000,0x00000000eae80000,0x00000000eae80000)
  from space 1024K, 87% used [0x00000000eb100000,0x00000000eb1e0000,0x00000000eb200000)
  to   space 1024K, 0% used [0x00000000eb000000,0x00000000eb000000,0x00000000eb100000)
 ParOldGen       total 250368K, used 247255K [0x00000000c0000000, 0x00000000cf480000, 0x00000000eab00000)
  object space 250368K, 98% used [0x00000000c0000000,0x00000000cf175d68,0x00000000cf480000)
 Metaspace       used 67429K, committed 68672K, reserved 1114112K
  class space    used 7055K, committed 7616K, reserved 1048576K
}
Event: 33.744 GC heap after
{Heap after GC invocations=355 (full 9):
 PSYoungGen      total 4608K, used 990K [0x00000000eab00000, 0x00000000eb180000, 0x0000000100000000)
  eden space 3584K, 0% used [0x00000000eab00000,0x00000000eab00000,0x00000000eae80000)
  from space 1024K, 96% used [0x00000000eb000000,0x00000000eb0f7a58,0x00000000eb100000)
  to   space 512K, 0% used [0x00000000eb100000,0x00000000eb100000,0x00000000eb180000)
 ParOldGen       total 250368K, used 248049K [0x00000000c0000000, 0x00000000cf480000, 0x00000000eab00000)
  object space 250368K, 99% used [0x00000000c0000000,0x00000000cf23c6c0,0x00000000cf480000)
 Metaspace       used 67429K, committed 68672K, reserved 1114112K
  class space    used 7055K, committed 7616K, reserved 1048576K
}
Event: 33.772 GC heap before
{Heap before GC invocations=356 (full 9):
 PSYoungGen      total 4608K, used 4574K [0x00000000eab00000, 0x00000000eb180000, 0x0000000100000000)
  eden space 3584K, 100% used [0x00000000eab00000,0x00000000eae80000,0x00000000eae80000)
  from space 1024K, 96% used [0x00000000eb000000,0x00000000eb0f7a58,0x00000000eb100000)
  to   space 512K, 0% used [0x00000000eb100000,0x00000000eb100000,0x00000000eb180000)
 ParOldGen       total 250368K, used 248049K [0x00000000c0000000, 0x00000000cf480000, 0x00000000eab00000)
  object space 250368K, 99% used [0x00000000c0000000,0x00000000cf23c6c0,0x00000000cf480000)
 Metaspace       used 67434K, committed 68672K, reserved 1114112K
  class space    used 7055K, committed 7616K, reserved 1048576K
}
Event: 33.778 GC heap after
{Heap after GC invocations=356 (full 9):
 PSYoungGen      total 4096K, used 501K [0x00000000eab00000, 0x00000000eb280000, 0x0000000100000000)
  eden space 3584K, 0% used [0x00000000eab00000,0x00000000eab00000,0x00000000eae80000)
  from space 512K, 97% used [0x00000000eb100000,0x00000000eb17d588,0x00000000eb180000)
  to   space 2048K, 0% used [0x00000000eae80000,0x00000000eae80000,0x00000000eb080000)
 ParOldGen       total 250368K, used 249206K [0x00000000c0000000, 0x00000000cf480000, 0x00000000eab00000)
  object space 250368K, 99% used [0x00000000c0000000,0x00000000cf35d958,0x00000000cf480000)
 Metaspace       used 67434K, committed 68672K, reserved 1114112K
  class space    used 7055K, committed 7616K, reserved 1048576K
}
Event: 33.815 GC heap before
{Heap before GC invocations=357 (full 10):
 PSYoungGen      total 4096K, used 4085K [0x00000000eab00000, 0x00000000eb280000, 0x0000000100000000)
  eden space 3584K, 100% used [0x00000000eab00000,0x00000000eae80000,0x00000000eae80000)
  from space 512K, 97% used [0x00000000eb100000,0x00000000eb17d588,0x00000000eb180000)
  to   space 2048K, 0% used [0x00000000eae80000,0x00000000eae80000,0x00000000eb080000)
 ParOldGen       total 250368K, used 249206K [0x00000000c0000000, 0x00000000cf480000, 0x00000000eab00000)
  object space 250368K, 99% used [0x00000000c0000000,0x00000000cf35d958,0x00000000cf480000)
 Metaspace       used 67459K, committed 68672K, reserved 1114112K
  class space    used 7058K, committed 7616K, reserved 1048576K
}
Event: 33.958 GC heap after
{Heap after GC invocations=357 (full 10):
 PSYoungGen      total 5632K, used 0K [0x00000000eab00000, 0x00000000eb280000, 0x0000000100000000)
  eden space 3584K, 0% used [0x00000000eab00000,0x00000000eab00000,0x00000000eae80000)
  from space 2048K, 0% used [0x00000000eae80000,0x00000000eae80000,0x00000000eb080000)
  to   space 2048K, 0% used [0x00000000eb080000,0x00000000eb080000,0x00000000eb280000)
 ParOldGen       total 279040K, used 242271K [0x00000000c0000000, 0x00000000d1080000, 0x00000000eab00000)
  object space 279040K, 86% used [0x00000000c0000000,0x00000000cec97e90,0x00000000d1080000)
 Metaspace       used 67459K, committed 68672K, reserved 1114112K
  class space    used 7058K, committed 7616K, reserved 1048576K
}
Event: 33.996 GC heap before
{Heap before GC invocations=358 (full 10):
 PSYoungGen      total 5632K, used 3584K [0x00000000eab00000, 0x00000000eb280000, 0x0000000100000000)
  eden space 3584K, 100% used [0x00000000eab00000,0x00000000eae80000,0x00000000eae80000)
  from space 2048K, 0% used [0x00000000eae80000,0x00000000eae80000,0x00000000eb080000)
  to   space 2048K, 0% used [0x00000000eb080000,0x00000000eb080000,0x00000000eb280000)
 ParOldGen       total 279040K, used 242271K [0x00000000c0000000, 0x00000000d1080000, 0x00000000eab00000)
  object space 279040K, 86% used [0x00000000c0000000,0x00000000cec97e90,0x00000000d1080000)
 Metaspace       used 67501K, committed 68736K, reserved 1114112K
  class space    used 7062K, committed 7616K, reserved 1048576K
}
Event: 34.000 GC heap after
{Heap after GC invocations=358 (full 10):
 PSYoungGen      total 4608K, used 860K [0x00000000eab00000, 0x00000000eb180000, 0x0000000100000000)
  eden space 3584K, 0% used [0x00000000eab00000,0x00000000eab00000,0x00000000eae80000)
  from space 1024K, 84% used [0x00000000eb080000,0x00000000eb157160,0x00000000eb180000)
  to   space 1536K, 0% used [0x00000000eae80000,0x00000000eae80000,0x00000000eb000000)
 ParOldGen       total 279040K, used 242279K [0x00000000c0000000, 0x00000000d1080000, 0x00000000eab00000)
  object space 279040K, 86% used [0x00000000c0000000,0x00000000cec99e90,0x00000000d1080000)
 Metaspace       used 67501K, committed 68736K, reserved 1114112K
  class space    used 7062K, committed 7616K, reserved 1048576K
}
Event: 34.069 GC heap before
{Heap before GC invocations=359 (full 10):
 PSYoungGen      total 4608K, used 4444K [0x00000000eab00000, 0x00000000eb180000, 0x0000000100000000)
  eden space 3584K, 100% used [0x00000000eab00000,0x00000000eae80000,0x00000000eae80000)
  from space 1024K, 84% used [0x00000000eb080000,0x00000000eb157160,0x00000000eb180000)
  to   space 1536K, 0% used [0x00000000eae80000,0x00000000eae80000,0x00000000eb000000)
 ParOldGen       total 279040K, used 242279K [0x00000000c0000000, 0x00000000d1080000, 0x00000000eab00000)
  object space 279040K, 86% used [0x00000000c0000000,0x00000000cec99e90,0x00000000d1080000)
 Metaspace       used 67635K, committed 68864K, reserved 1114112K
  class space    used 7074K, committed 7616K, reserved 1048576K
}
Event: 34.071 GC heap after
{Heap after GC invocations=359 (full 10):
 PSYoungGen      total 5120K, used 756K [0x00000000eab00000, 0x00000000eb100000, 0x0000000100000000)
  eden space 3584K, 0% used [0x00000000eab00000,0x00000000eab00000,0x00000000eae80000)
  from space 1536K, 49% used [0x00000000eae80000,0x00000000eaf3d328,0x00000000eb000000)
  to   space 1024K, 0% used [0x00000000eb000000,0x00000000eb000000,0x00000000eb100000)
 ParOldGen       total 279040K, used 243052K [0x00000000c0000000, 0x00000000d1080000, 0x00000000eab00000)
  object space 279040K, 87% used [0x00000000c0000000,0x00000000ced5b3a8,0x00000000d1080000)
 Metaspace       used 67635K, committed 68864K, reserved 1114112K
  class space    used 7074K, committed 7616K, reserved 1048576K
}
Event: 34.110 GC heap before
{Heap before GC invocations=360 (full 10):
 PSYoungGen      total 5120K, used 4340K [0x00000000eab00000, 0x00000000eb100000, 0x0000000100000000)
  eden space 3584K, 100% used [0x00000000eab00000,0x00000000eae80000,0x00000000eae80000)
  from space 1536K, 49% used [0x00000000eae80000,0x00000000eaf3d328,0x00000000eb000000)
  to   space 1024K, 0% used [0x00000000eb000000,0x00000000eb000000,0x00000000eb100000)
 ParOldGen       total 279040K, used 243052K [0x00000000c0000000, 0x00000000d1080000, 0x00000000eab00000)
  object space 279040K, 87% used [0x00000000c0000000,0x00000000ced5b3a8,0x00000000d1080000)
 Metaspace       used 67870K, committed 69184K, reserved 1114112K
  class space    used 7092K, committed 7680K, reserved 1048576K
}
Event: 34.112 GC heap after
{Heap after GC invocations=360 (full 10):
 PSYoungGen      total 4608K, used 1021K [0x00000000eab00000, 0x00000000eb180000, 0x0000000100000000)
  eden space 3584K, 0% used [0x00000000eab00000,0x00000000eab00000,0x00000000eae80000)
  from space 1024K, 99% used [0x00000000eb000000,0x00000000eb0ff410,0x00000000eb100000)
  to   space 1536K, 0% used [0x00000000eae80000,0x00000000eae80000,0x00000000eb000000)
 ParOldGen       total 279040K, used 243320K [0x00000000c0000000, 0x00000000d1080000, 0x00000000eab00000)
  object space 279040K, 87% used [0x00000000c0000000,0x00000000ced9e0c8,0x00000000d1080000)
 Metaspace       used 67870K, committed 69184K, reserved 1114112K
  class space    used 7092K, committed 7680K, reserved 1048576K
}
Event: 34.169 GC heap before
{Heap before GC invocations=361 (full 10):
 PSYoungGen      total 4608K, used 4605K [0x00000000eab00000, 0x00000000eb180000, 0x0000000100000000)
  eden space 3584K, 100% used [0x00000000eab00000,0x00000000eae80000,0x00000000eae80000)
  from space 1024K, 99% used [0x00000000eb000000,0x00000000eb0ff410,0x00000000eb100000)
  to   space 1536K, 0% used [0x00000000eae80000,0x00000000eae80000,0x00000000eb000000)
 ParOldGen       total 279040K, used 243320K [0x00000000c0000000, 0x00000000d1080000, 0x00000000eab00000)
  object space 279040K, 87% used [0x00000000c0000000,0x00000000ced9e0c8,0x00000000d1080000)
 Metaspace       used 67907K, committed 69184K, reserved 1114112K
  class space    used 7099K, committed 7680K, reserved 1048576K
}
Event: 34.171 GC heap after
{Heap after GC invocations=361 (full 10):
 PSYoungGen      total 5120K, used 921K [0x00000000eab00000, 0x00000000eb180000, 0x0000000100000000)
  eden space 3584K, 0% used [0x00000000eab00000,0x00000000eab00000,0x00000000eae80000)
  from space 1536K, 59% used [0x00000000eae80000,0x00000000eaf664b8,0x00000000eb000000)
  to   space 1536K, 0% used [0x00000000eb000000,0x00000000eb000000,0x00000000eb180000)
 ParOldGen       total 279040K, used 244259K [0x00000000c0000000, 0x00000000d1080000, 0x00000000eab00000)
  object space 279040K, 87% used [0x00000000c0000000,0x00000000cee88d18,0x00000000d1080000)
 Metaspace       used 67907K, committed 69184K, reserved 1114112K
  class space    used 7099K, committed 7680K, reserved 1048576K
}

Dll operation events (10 events):
Event: 0.043 Loaded shared library c:\Users\OmarAlfredoNoriegaNi\.vscode\extensions\redhat.java-1.36.0-win32-x64\jre\17.0.13-win32-x86_64\bin\java.dll
Event: 0.261 Loaded shared library c:\Users\OmarAlfredoNoriegaNi\.vscode\extensions\redhat.java-1.36.0-win32-x64\jre\17.0.13-win32-x86_64\bin\zip.dll
Event: 0.268 Loaded shared library C:\Users\OmarAlfredoNoriegaNi\.vscode\extensions\redhat.java-1.36.0-win32-x64\jre\17.0.13-win32-x86_64\bin\instrument.dll
Event: 0.279 Loaded shared library C:\Users\OmarAlfredoNoriegaNi\.vscode\extensions\redhat.java-1.36.0-win32-x64\jre\17.0.13-win32-x86_64\bin\net.dll
Event: 0.283 Loaded shared library C:\Users\OmarAlfredoNoriegaNi\.vscode\extensions\redhat.java-1.36.0-win32-x64\jre\17.0.13-win32-x86_64\bin\nio.dll
Event: 0.290 Loaded shared library C:\Users\OmarAlfredoNoriegaNi\.vscode\extensions\redhat.java-1.36.0-win32-x64\jre\17.0.13-win32-x86_64\bin\zip.dll
Event: 0.304 Loaded shared library C:\Users\OmarAlfredoNoriegaNi\.vscode\extensions\redhat.java-1.36.0-win32-x64\jre\17.0.13-win32-x86_64\bin\jimage.dll
Event: 0.377 Loaded shared library c:\Users\OmarAlfredoNoriegaNi\.vscode\extensions\redhat.java-1.36.0-win32-x64\jre\17.0.13-win32-x86_64\bin\verify.dll
Event: 2.129 Loaded shared library C:\Users\OmarAlfredoNoriegaNi\AppData\Roaming\Code\User\globalStorage\redhat.java\1.36.0\config_win\org.eclipse.equinox.launcher\org.eclipse.equinox.launcher.win32.win32.x86_64_1.2.1100.v20240722-2106\eclipse_11904.dll
Event: 4.976 Loaded shared library C:\Users\OmarAlfredoNoriegaNi\AppData\Local\Temp\jna-1944904728\jna5881800348520677314.dll

Deoptimization events (20 events):
Event: 34.181 Thread 0x00000233d04433b0 Uncommon trap: trap_request=0xffffffde fr.pc=0x00000233c0378318 relative=0x0000000000000258
Event: 34.181 Thread 0x00000233d04433b0 Uncommon trap: reason=class_check action=maybe_recompile pc=0x00000233c0378318 method=sun.nio.fs.WindowsPath.compareTo(Ljava/nio/file/Path;)I @ 18 c2
Event: 34.181 Thread 0x00000233d04433b0 DEOPT PACKING pc=0x00000233c0378318 sp=0x0000004f25efe940
Event: 34.181 Thread 0x00000233d04433b0 DEOPT UNPACKING pc=0x00000233bfaf9ea3 sp=0x0000004f25efe8c0 mode 2
Event: 34.296 Thread 0x00000233d04433b0 Uncommon trap: trap_request=0xffffffde fr.pc=0x00000233c03d07b8 relative=0x0000000000000458
Event: 34.296 Thread 0x00000233d04433b0 Uncommon trap: reason=class_check action=maybe_recompile pc=0x00000233c03d07b8 method=sun.nio.fs.WindowsPath.equals(Ljava/lang/Object;)Z @ 1 c2
Event: 34.296 Thread 0x00000233d04433b0 DEOPT PACKING pc=0x00000233c03d07b8 sp=0x0000004f25efe930
Event: 34.296 Thread 0x00000233d04433b0 DEOPT UNPACKING pc=0x00000233bfaf9ea3 sp=0x0000004f25efe8e8 mode 2
Event: 34.296 Thread 0x00000233d04433b0 Uncommon trap: trap_request=0xffffffde fr.pc=0x00000233c0378318 relative=0x0000000000000258
Event: 34.296 Thread 0x00000233d04433b0 Uncommon trap: reason=class_check action=maybe_recompile pc=0x00000233c0378318 method=sun.nio.fs.WindowsPath.compareTo(Ljava/nio/file/Path;)I @ 18 c2
Event: 34.296 Thread 0x00000233d04433b0 DEOPT PACKING pc=0x00000233c0378318 sp=0x0000004f25efe8b0
Event: 34.296 Thread 0x00000233d04433b0 DEOPT UNPACKING pc=0x00000233bfaf9ea3 sp=0x0000004f25efe830 mode 2
Event: 34.418 Thread 0x00000233d04433b0 Uncommon trap: trap_request=0xffffffde fr.pc=0x00000233c03d07b8 relative=0x0000000000000458
Event: 34.418 Thread 0x00000233d04433b0 Uncommon trap: reason=class_check action=maybe_recompile pc=0x00000233c03d07b8 method=sun.nio.fs.WindowsPath.equals(Ljava/lang/Object;)Z @ 1 c2
Event: 34.418 Thread 0x00000233d04433b0 DEOPT PACKING pc=0x00000233c03d07b8 sp=0x0000004f25efe930
Event: 34.418 Thread 0x00000233d04433b0 DEOPT UNPACKING pc=0x00000233bfaf9ea3 sp=0x0000004f25efe8e8 mode 2
Event: 34.418 Thread 0x00000233d04433b0 Uncommon trap: trap_request=0xffffffde fr.pc=0x00000233c0378318 relative=0x0000000000000258
Event: 34.418 Thread 0x00000233d04433b0 Uncommon trap: reason=class_check action=maybe_recompile pc=0x00000233c0378318 method=sun.nio.fs.WindowsPath.compareTo(Ljava/nio/file/Path;)I @ 18 c2
Event: 34.418 Thread 0x00000233d04433b0 DEOPT PACKING pc=0x00000233c0378318 sp=0x0000004f25efe8b0
Event: 34.418 Thread 0x00000233d04433b0 DEOPT UNPACKING pc=0x00000233bfaf9ea3 sp=0x0000004f25efe830 mode 2

Classes loaded (20 events):
Event: 32.358 Loading class java/nio/file/WatchKey
Event: 32.358 Loading class java/nio/file/WatchKey done
Event: 32.866 Loading class java/util/regex/PatternSyntaxException
Event: 32.867 Loading class java/util/regex/PatternSyntaxException done
Event: 34.083 Loading class java/util/TreeMap$ValueSpliterator
Event: 34.083 Loading class java/util/TreeMap$TreeMapSpliterator
Event: 34.083 Loading class java/util/TreeMap$TreeMapSpliterator done
Event: 34.083 Loading class java/util/TreeMap$ValueSpliterator done
Event: 34.113 Loading class java/util/concurrent/CompletionException
Event: 34.113 Loading class java/util/concurrent/CompletionException done
Event: 34.118 Loading class java/nio/file/FileTreeWalker$1
Event: 34.118 Loading class java/nio/file/FileTreeWalker$1 done
Event: 34.119 Loading class sun/nio/fs/Globs
Event: 34.119 Loading class sun/nio/fs/Globs done
Event: 34.119 Loading class java/util/regex/Pattern$SliceU
Event: 34.119 Loading class java/util/regex/Pattern$SliceU done
Event: 34.119 Loading class sun/nio/fs/WindowsFileSystem$2
Event: 34.119 Loading class java/nio/file/PathMatcher
Event: 34.119 Loading class java/nio/file/PathMatcher done
Event: 34.119 Loading class sun/nio/fs/WindowsFileSystem$2 done

Classes unloaded (11 events):
Event: 6.075 Thread 0x00000233ce7b14b0 Unloading class 0x0000000100252000 'java/lang/invoke/LambdaForm$MH+0x0000000100252000'
Event: 6.075 Thread 0x00000233ce7b14b0 Unloading class 0x0000000100251c00 'java/lang/invoke/LambdaForm$MH+0x0000000100251c00'
Event: 6.075 Thread 0x00000233ce7b14b0 Unloading class 0x0000000100251800 'java/lang/invoke/LambdaForm$MH+0x0000000100251800'
Event: 6.075 Thread 0x00000233ce7b14b0 Unloading class 0x0000000100251400 'java/lang/invoke/LambdaForm$MH+0x0000000100251400'
Event: 6.075 Thread 0x00000233ce7b14b0 Unloading class 0x0000000100251000 'java/lang/invoke/LambdaForm$BMH+0x0000000100251000'
Event: 6.075 Thread 0x00000233ce7b14b0 Unloading class 0x0000000100250c00 'java/lang/invoke/LambdaForm$DMH+0x0000000100250c00'
Event: 6.075 Thread 0x00000233ce7b14b0 Unloading class 0x000000010024c400 'java/lang/invoke/LambdaForm$DMH+0x000000010024c400'
Event: 30.438 Thread 0x00000233ce7b14b0 Unloading class 0x0000000100722800 'java/lang/invoke/LambdaForm$MH+0x0000000100722800'
Event: 30.438 Thread 0x00000233ce7b14b0 Unloading class 0x0000000100722000 'java/lang/invoke/LambdaForm$MH+0x0000000100722000'
Event: 30.438 Thread 0x00000233ce7b14b0 Unloading class 0x0000000100721c00 'java/lang/invoke/LambdaForm$MH+0x0000000100721c00'
Event: 30.438 Thread 0x00000233ce7b14b0 Unloading class 0x0000000100722400 'java/lang/invoke/LambdaForm$MH+0x0000000100722400'

Classes redefined (0 events):
No events

Internal exceptions (20 events):
Event: 34.296 Thread 0x00000233d04433b0 Exception <a 'sun/nio/fs/WindowsException'{0x00000000eac5c450}> (0x00000000eac5c450) 
thrown [s\src\hotspot\share\prims\jni.cpp, line 516]
Event: 34.296 Thread 0x00000233d04433b0 Exception <a 'sun/nio/fs/WindowsException'{0x00000000eac5cb20}> (0x00000000eac5cb20) 
thrown [s\src\hotspot\share\prims\jni.cpp, line 516]
Event: 34.296 Thread 0x00000233d04433b0 Exception <a 'sun/nio/fs/WindowsException'{0x00000000eac5d200}> (0x00000000eac5d200) 
thrown [s\src\hotspot\share\prims\jni.cpp, line 516]
Event: 34.296 Thread 0x00000233d04433b0 Exception <a 'sun/nio/fs/WindowsException'{0x00000000eac5d8f0}> (0x00000000eac5d8f0) 
thrown [s\src\hotspot\share\prims\jni.cpp, line 516]
Event: 34.417 Thread 0x00000233d04433b0 Exception <a 'sun/nio/fs/WindowsException'{0x00000000eacc3da8}> (0x00000000eacc3da8) 
thrown [s\src\hotspot\share\prims\jni.cpp, line 516]
Event: 34.418 Thread 0x00000233d04433b0 Exception <a 'sun/nio/fs/WindowsException'{0x00000000eacc4478}> (0x00000000eacc4478) 
thrown [s\src\hotspot\share\prims\jni.cpp, line 516]
Event: 34.418 Thread 0x00000233d04433b0 Exception <a 'sun/nio/fs/WindowsException'{0x00000000eacc4b58}> (0x00000000eacc4b58) 
thrown [s\src\hotspot\share\prims\jni.cpp, line 516]
Event: 34.418 Thread 0x00000233d04433b0 Exception <a 'sun/nio/fs/WindowsException'{0x00000000eacc5248}> (0x00000000eacc5248) 
thrown [s\src\hotspot\share\prims\jni.cpp, line 516]
Event: 34.460 Thread 0x00000233d04433b0 Exception <a 'sun/nio/fs/WindowsException'{0x00000000eacda6e8}> (0x00000000eacda6e8) 
thrown [s\src\hotspot\share\prims\jni.cpp, line 516]
Event: 34.461 Thread 0x00000233d04433b0 Exception <a 'sun/nio/fs/WindowsException'{0x00000000eacdade0}> (0x00000000eacdade0) 
thrown [s\src\hotspot\share\prims\jni.cpp, line 516]
Event: 34.461 Thread 0x00000233d04433b0 Exception <a 'sun/nio/fs/WindowsException'{0x00000000eacdb728}> (0x00000000eacdb728) 
thrown [s\src\hotspot\share\prims\jni.cpp, line 516]
Event: 34.461 Thread 0x00000233d04433b0 Exception <a 'sun/nio/fs/WindowsException'{0x00000000eacdbe40}> (0x00000000eacdbe40) 
thrown [s\src\hotspot\share\prims\jni.cpp, line 516]
Event: 34.479 Thread 0x00000233d04433b0 Exception <a 'sun/nio/fs/WindowsException'{0x00000000eacfec08}> (0x00000000eacfec08) 
thrown [s\src\hotspot\share\prims\jni.cpp, line 516]
Event: 34.480 Thread 0x00000233d04433b0 Exception <a 'sun/nio/fs/WindowsException'{0x00000000eacff320}> (0x00000000eacff320) 
thrown [s\src\hotspot\share\prims\jni.cpp, line 516]
Event: 34.480 Thread 0x00000233d04433b0 Exception <a 'sun/nio/fs/WindowsException'{0x00000000eacffa38}> (0x00000000eacffa38) 
thrown [s\src\hotspot\share\prims\jni.cpp, line 516]
Event: 34.480 Thread 0x00000233d04433b0 Exception <a 'sun/nio/fs/WindowsException'{0x00000000ead00168}> (0x00000000ead00168) 
thrown [s\src\hotspot\share\prims\jni.cpp, line 516]
Event: 34.489 Thread 0x00000233d04433b0 Exception <a 'sun/nio/fs/WindowsException'{0x00000000ead12fb8}> (0x00000000ead12fb8) 
thrown [s\src\hotspot\share\prims\jni.cpp, line 516]
Event: 34.489 Thread 0x00000233d04433b0 Exception <a 'sun/nio/fs/WindowsException'{0x00000000ead136e0}> (0x00000000ead136e0) 
thrown [s\src\hotspot\share\prims\jni.cpp, line 516]
Event: 34.489 Thread 0x00000233d04433b0 Exception <a 'sun/nio/fs/WindowsException'{0x00000000ead13e08}> (0x00000000ead13e08) 
thrown [s\src\hotspot\share\prims\jni.cpp, line 516]
Event: 34.489 Thread 0x00000233d04433b0 Exception <a 'sun/nio/fs/WindowsException'{0x00000000ead14550}> (0x00000000ead14550) 
thrown [s\src\hotspot\share\prims\jni.cpp, line 516]

VM Operations (20 events):
Event: 33.578 Executing VM operation: ParallelGCFailedAllocation
Event: 33.601 Executing VM operation: ParallelGCFailedAllocation done
Event: 33.740 Executing VM operation: ParallelGCFailedAllocation
Event: 33.744 Executing VM operation: ParallelGCFailedAllocation done
Event: 33.772 Executing VM operation: ParallelGCFailedAllocation
Event: 33.778 Executing VM operation: ParallelGCFailedAllocation done
Event: 33.813 Executing VM operation: ParallelGCFailedAllocation
Event: 33.959 Executing VM operation: ParallelGCFailedAllocation done
Event: 33.978 Executing VM operation: HandshakeAllThreads
Event: 33.980 Executing VM operation: HandshakeAllThreads done
Event: 33.996 Executing VM operation: ParallelGCFailedAllocation
Event: 34.000 Executing VM operation: ParallelGCFailedAllocation done
Event: 34.069 Executing VM operation: ParallelGCFailedAllocation
Event: 34.071 Executing VM operation: ParallelGCFailedAllocation done
Event: 34.110 Executing VM operation: ParallelGCFailedAllocation
Event: 34.112 Executing VM operation: ParallelGCFailedAllocation done
Event: 34.118 Executing VM operation: HandshakeAllThreads
Event: 34.118 Executing VM operation: HandshakeAllThreads done
Event: 34.169 Executing VM operation: ParallelGCFailedAllocation
Event: 34.171 Executing VM operation: ParallelGCFailedAllocation done

Memory protections (0 events):
No events

Nmethod flushes (20 events):
Event: 17.751 Thread 0x00000233ce8626e0 flushing  nmethod 0x00000233b9346990
Event: 17.751 Thread 0x00000233ce8626e0 flushing  nmethod 0x00000233b9347190
Event: 17.751 Thread 0x00000233ce8626e0 flushing  nmethod 0x00000233b9347990
Event: 17.751 Thread 0x00000233ce8626e0 flushing  nmethod 0x00000233b9347d10
Event: 17.751 Thread 0x00000233ce8626e0 flushing  nmethod 0x00000233b934a010
Event: 17.751 Thread 0x00000233ce8626e0 flushing  nmethod 0x00000233b934b210
Event: 17.751 Thread 0x00000233ce8626e0 flushing  nmethod 0x00000233b934c310
Event: 17.751 Thread 0x00000233ce8626e0 flushing  nmethod 0x00000233b934d110
Event: 17.751 Thread 0x00000233ce8626e0 flushing  nmethod 0x00000233b934d490
Event: 17.751 Thread 0x00000233ce8626e0 flushing  nmethod 0x00000233b934e190
Event: 17.751 Thread 0x00000233ce8626e0 flushing  nmethod 0x00000233b934ed10
Event: 17.751 Thread 0x00000233ce8626e0 flushing  nmethod 0x00000233b934f690
Event: 17.751 Thread 0x00000233ce8626e0 flushing osr nmethod 0x00000233b9357c90
Event: 17.751 Thread 0x00000233ce8626e0 flushing  nmethod 0x00000233b935ac90
Event: 17.751 Thread 0x00000233ce8626e0 flushing  nmethod 0x00000233b9367b10
Event: 17.751 Thread 0x00000233ce8626e0 flushing  nmethod 0x00000233b9369090
Event: 17.751 Thread 0x00000233ce8626e0 flushing  nmethod 0x00000233b937cb10
Event: 17.751 Thread 0x00000233ce8626e0 flushing  nmethod 0x00000233b93d6710
Event: 26.633 Thread 0x00000233ce8626e0 flushing  nmethod 0x00000233b86df590
Event: 26.641 Thread 0x00000233ce8626e0 flushing  nmethod 0x00000233b9366190

Events (20 events):
Event: 28.254 Thread 0x00000233d0d11ea0 Thread exited: 0x00000233d0d11ea0
Event: 28.255 Thread 0x00000233d0d0aa30 Thread exited: 0x00000233d0d0aa30
Event: 28.283 Thread 0x00000233ce7efac0 Thread added: 0x00000233ceae1f40
Event: 28.612 Thread 0x00000233ceae1f40 Thread exited: 0x00000233ceae1f40
Event: 30.103 Thread 0x00000233ce7efac0 Thread added: 0x00000233ceae3480
Event: 30.662 Thread 0x00000233d2aa2e30 Thread added: 0x00000233d2aa60d0
Event: 30.662 Thread 0x00000233d2aa2e30 Thread added: 0x00000233d2aa00a0
Event: 30.662 Thread 0x00000233d2aa2e30 Thread added: 0x00000233d0d11ea0
Event: 30.662 Thread 0x00000233d2aa2e30 Thread added: 0x00000233d0d0aa30
Event: 30.662 Thread 0x00000233d2aa2e30 Thread added: 0x00000233d0d0cda0
Event: 31.374 Thread 0x00000233ceae3480 Thread exited: 0x00000233ceae3480
Event: 31.727 Thread 0x00000233ce7efac0 Thread added: 0x00000233ceae1f40
Event: 31.837 Thread 0x00000233d2aa60d0 Thread exited: 0x00000233d2aa60d0
Event: 31.837 Thread 0x00000233d0d11ea0 Thread exited: 0x00000233d0d11ea0
Event: 31.837 Thread 0x00000233d0d0aa30 Thread exited: 0x00000233d0d0aa30
Event: 31.837 Thread 0x00000233d0d0cda0 Thread exited: 0x00000233d0d0cda0
Event: 31.837 Thread 0x00000233d2aa00a0 Thread exited: 0x00000233d2aa00a0
Event: 32.097 Thread 0x00000233ceae1f40 Thread exited: 0x00000233ceae1f40
Event: 32.216 Thread 0x00000233ce7efac0 Thread added: 0x00000233ceadff60
Event: 32.606 Thread 0x00000233ceadff60 Thread exited: 0x00000233ceadff60


Dynamic libraries:
0x00007ff7045c0000 - 0x00007ff7045ce000 	c:\Users\OmarAlfredoNoriegaNi\.vscode\extensions\redhat.java-1.36.0-win32-x64\jre\17.0.13-win32-x86_64\bin\java.exe
0x00007ffd9fd90000 - 0x00007ffd9ff88000 	C:\Windows\SYSTEM32\ntdll.dll
0x00007ffd9f3a0000 - 0x00007ffd9f462000 	C:\Windows\System32\KERNEL32.DLL
0x00007ffd9d4d0000 - 0x00007ffd9d7ce000 	C:\Windows\System32\KERNELBASE.dll
0x00007ffd9f970000 - 0x00007ffd9fa21000 	C:\Windows\System32\ADVAPI32.DLL
0x00007ffd9f300000 - 0x00007ffd9f39e000 	C:\Windows\System32\msvcrt.dll
0x00007ffd9e460000 - 0x00007ffd9e4ff000 	C:\Windows\System32\sechost.dll
0x00007ffd9e800000 - 0x00007ffd9e923000 	C:\Windows\System32\RPCRT4.dll
0x00007ffd9dc60000 - 0x00007ffd9dc87000 	C:\Windows\System32\bcrypt.dll
0x00007ffd9db60000 - 0x00007ffd9dc60000 	C:\Windows\System32\ucrtbase.dll
0x00007ffd6f970000 - 0x00007ffd6f987000 	c:\Users\OmarAlfredoNoriegaNi\.vscode\extensions\redhat.java-1.36.0-win32-x64\jre\17.0.13-win32-x86_64\bin\jli.dll
0x00007ffd80b30000 - 0x00007ffd80b4e000 	c:\Users\OmarAlfredoNoriegaNi\.vscode\extensions\redhat.java-1.36.0-win32-x64\jre\17.0.13-win32-x86_64\bin\VCRUNTIME140.dll
0x00007ffd9fb50000 - 0x00007ffd9fced000 	C:\Windows\System32\USER32.dll
0x00007ffd9d840000 - 0x00007ffd9d862000 	C:\Windows\System32\win32u.dll
0x00007ffd9f860000 - 0x00007ffd9f88b000 	C:\Windows\System32\GDI32.dll
0x00007ffd9dc90000 - 0x00007ffd9dda7000 	C:\Windows\System32\gdi32full.dll
0x00007ffd9d430000 - 0x00007ffd9d4cd000 	C:\Windows\System32\msvcp_win.dll
0x00007ffd90bf0000 - 0x00007ffd90e8a000 	C:\Windows\WinSxS\amd64_microsoft.windows.common-controls_6595b64144ccf1df_6.0.19041.4355_none_60b8b9eb71f62e16\COMCTL32.dll
0x00007ffd9e300000 - 0x00007ffd9e32f000 	C:\Windows\System32\IMM32.DLL
0x00007ffd9bb20000 - 0x00007ffd9bcbf000 	C:\Program Files\Avecto\Privilege Guard Client\PGHook.dll
0x00007ffd86ea0000 - 0x00007ffd86eac000 	c:\Users\OmarAlfredoNoriegaNi\.vscode\extensions\redhat.java-1.36.0-win32-x64\jre\17.0.13-win32-x86_64\bin\vcruntime140_1.dll
0x00007ffd30b10000 - 0x00007ffd30b9d000 	c:\Users\OmarAlfredoNoriegaNi\.vscode\extensions\redhat.java-1.36.0-win32-x64\jre\17.0.13-win32-x86_64\bin\msvcp140.dll
0x00007ffcd5120000 - 0x00007ffcd5d8b000 	c:\Users\OmarAlfredoNoriegaNi\.vscode\extensions\redhat.java-1.36.0-win32-x64\jre\17.0.13-win32-x86_64\bin\server\jvm.dll
0x00007ffd9e500000 - 0x00007ffd9e56b000 	C:\Windows\System32\WS2_32.dll
0x00007ffd9c930000 - 0x00007ffd9c97b000 	C:\Windows\SYSTEM32\POWRPROF.dll
0x00007ffd8aeb0000 - 0x00007ffd8aed7000 	C:\Windows\SYSTEM32\WINMM.dll
0x00007ffd91c20000 - 0x00007ffd91c2a000 	C:\Windows\SYSTEM32\VERSION.dll
0x00007ffd9c7f0000 - 0x00007ffd9c802000 	C:\Windows\SYSTEM32\UMPDC.dll
0x00007ffd9adc0000 - 0x00007ffd9add2000 	C:\Windows\SYSTEM32\kernel.appcore.dll
0x00007ffd6f960000 - 0x00007ffd6f96a000 	c:\Users\OmarAlfredoNoriegaNi\.vscode\extensions\redhat.java-1.36.0-win32-x64\jre\17.0.13-win32-x86_64\bin\jimage.dll
0x00007ffd9a760000 - 0x00007ffd9a944000 	C:\Windows\SYSTEM32\DBGHELP.DLL
0x00007ffd86960000 - 0x00007ffd86994000 	C:\Windows\SYSTEM32\dbgcore.DLL
0x00007ffd9d870000 - 0x00007ffd9d8f2000 	C:\Windows\System32\bcryptPrimitives.dll
0x00007ffd6f900000 - 0x00007ffd6f90e000 	c:\Users\OmarAlfredoNoriegaNi\.vscode\extensions\redhat.java-1.36.0-win32-x64\jre\17.0.13-win32-x86_64\bin\instrument.dll
0x00007ffd30ae0000 - 0x00007ffd30b05000 	c:\Users\OmarAlfredoNoriegaNi\.vscode\extensions\redhat.java-1.36.0-win32-x64\jre\17.0.13-win32-x86_64\bin\java.dll
0x00007ffd6c2e0000 - 0x00007ffd6c2f8000 	c:\Users\OmarAlfredoNoriegaNi\.vscode\extensions\redhat.java-1.36.0-win32-x64\jre\17.0.13-win32-x86_64\bin\zip.dll
0x00007ffd9e9e0000 - 0x00007ffd9f14d000 	C:\Windows\System32\SHELL32.dll
0x00007ffd9afe0000 - 0x00007ffd9b784000 	C:\Windows\SYSTEM32\windows.storage.dll
0x00007ffd9f470000 - 0x00007ffd9f7c3000 	C:\Windows\System32\combase.dll
0x00007ffd9cd80000 - 0x00007ffd9cdae000 	C:\Windows\SYSTEM32\Wldp.dll
0x00007ffd9e6a0000 - 0x00007ffd9e76d000 	C:\Windows\System32\OLEAUT32.dll
0x00007ffd9e330000 - 0x00007ffd9e3dd000 	C:\Windows\System32\SHCORE.dll
0x00007ffd9e2a0000 - 0x00007ffd9e2f5000 	C:\Windows\System32\shlwapi.dll
0x00007ffd9d360000 - 0x00007ffd9d384000 	C:\Windows\SYSTEM32\profapi.dll
0x00007ffd6c190000 - 0x00007ffd6c1a9000 	C:\Users\OmarAlfredoNoriegaNi\.vscode\extensions\redhat.java-1.36.0-win32-x64\jre\17.0.13-win32-x86_64\bin\net.dll
0x00007ffd9c3b0000 - 0x00007ffd9c4bd000 	C:\Windows\SYSTEM32\WINHTTP.dll
0x00007ffd9cb60000 - 0x00007ffd9cbca000 	C:\Windows\system32\mswsock.dll
0x00007ffd30ac0000 - 0x00007ffd30ad6000 	C:\Users\OmarAlfredoNoriegaNi\.vscode\extensions\redhat.java-1.36.0-win32-x64\jre\17.0.13-win32-x86_64\bin\nio.dll
0x00007ffd6efc0000 - 0x00007ffd6efd0000 	c:\Users\OmarAlfredoNoriegaNi\.vscode\extensions\redhat.java-1.36.0-win32-x64\jre\17.0.13-win32-x86_64\bin\verify.dll
0x00007ffd209f0000 - 0x00007ffd20a35000 	C:\Users\OmarAlfredoNoriegaNi\AppData\Roaming\Code\User\globalStorage\redhat.java\1.36.0\config_win\org.eclipse.equinox.launcher\org.eclipse.equinox.launcher.win32.win32.x86_64_1.2.1100.v20240722-2106\eclipse_11904.dll
0x00007ffd9e570000 - 0x00007ffd9e69b000 	C:\Windows\System32\ole32.dll
0x00007ffd9cdc0000 - 0x00007ffd9cdd8000 	C:\Windows\SYSTEM32\CRYPTSP.dll
0x00007ffd9c320000 - 0x00007ffd9c354000 	C:\Windows\system32\rsaenh.dll
0x00007ffd9d320000 - 0x00007ffd9d34e000 	C:\Windows\SYSTEM32\USERENV.dll
0x00007ffd9ccf0000 - 0x00007ffd9ccfc000 	C:\Windows\SYSTEM32\CRYPTBASE.dll
0x00007ffd9c810000 - 0x00007ffd9c84b000 	C:\Windows\SYSTEM32\IPHLPAPI.DLL
0x00007ffd9e770000 - 0x00007ffd9e778000 	C:\Windows\System32\NSI.dll
0x00007ffd917a0000 - 0x00007ffd917b7000 	C:\Windows\SYSTEM32\dhcpcsvc6.DLL
0x00007ffd91780000 - 0x00007ffd9179d000 	C:\Windows\SYSTEM32\dhcpcsvc.DLL
0x00007ffd9c850000 - 0x00007ffd9c91a000 	C:\Windows\SYSTEM32\DNSAPI.dll
0x00007ffd1c340000 - 0x00007ffd1c389000 	C:\Users\OmarAlfredoNoriegaNi\AppData\Local\Temp\jna-1944904728\jna5881800348520677314.dll
0x00007ffd9e440000 - 0x00007ffd9e448000 	C:\Windows\System32\PSAPI.DLL

dbghelp: loaded successfully - version: 4.0.5 - missing functions: none
symbol engine: initialized successfully - sym options: 0x614 - pdb path: .;c:\Users\OmarAlfredoNoriegaNi\.vscode\extensions\redhat.java-1.36.0-win32-x64\jre\17.0.13-win32-x86_64\bin;C:\Windows\SYSTEM32;C:\Windows\WinSxS\amd64_microsoft.windows.common-controls_6595b64144ccf1df_6.0.19041.4355_none_60b8b9eb71f62e16;C:\Program Files\Avecto\Privilege Guard Client;c:\Users\OmarAlfredoNoriegaNi\.vscode\extensions\redhat.java-1.36.0-win32-x64\jre\17.0.13-win32-x86_64\bin\server;C:\Users\OmarAlfredoNoriegaNi\AppData\Roaming\Code\User\globalStorage\redhat.java\1.36.0\config_win\org.eclipse.equinox.launcher\org.eclipse.equinox.launcher.win32.win32.x86_64_1.2.1100.v20240722-2106;C:\Users\OmarAlfredoNoriegaNi\AppData\Local\Temp\jna-1944904728

VM Arguments:
jvm_args: --add-modules=ALL-SYSTEM --add-opens=java.base/java.util=ALL-UNNAMED --add-opens=java.base/java.lang=ALL-UNNAMED --add-opens=java.base/sun.nio.fs=ALL-UNNAMED -Declipse.application=org.eclipse.jdt.ls.core.id1 -Dosgi.bundles.defaultStartLevel=4 -Declipse.product=org.eclipse.jdt.ls.core.product -Djava.import.generatesMetadataFilesAtProjectRoot=false -DDetectVMInstallationsJob.disabled=true -Dfile.encoding=utf8 -XX:+UseParallelGC -XX:GCTimeRatio=4 -XX:AdaptiveSizePolicyWeight=90 -Dsun.zip.disableMemoryMapping=true -Xmx1G -Xms100m -Xlog:disable -javaagent:c:\Users\OmarAlfredoNoriegaNi\.vscode\extensions\redhat.java-1.36.0-win32-x64\lombok\lombok-1.18.35.jar -XX:+HeapDumpOnOutOfMemoryError -XX:HeapDumpPath=c:\Users\OmarAlfredoNoriegaNi\AppData\Roaming\Code\User\workspaceStorage\29786f4ee22b15c147bd62439a4c0332\redhat.java -Daether.dependencyCollector.impl=bf 
java_command: c:\Users\OmarAlfredoNoriegaNi\.vscode\extensions\redhat.java-1.36.0-win32-x64\server\plugins\org.eclipse.equinox.launcher_1.6.900.v20240613-2009.jar -configuration c:\Users\OmarAlfredoNoriegaNi\AppData\Roaming\Code\User\globalStorage\redhat.java\1.36.0\config_win -data c:\Users\OmarAlfredoNoriegaNi\AppData\Roaming\Code\User\workspaceStorage\29786f4ee22b15c147bd62439a4c0332\redhat.java\jdt_ws --pipe=\\.\pipe\lsp-db01f1fcee43ffd3c0535e91638542fa-sock
java_class_path (initial): c:\Users\OmarAlfredoNoriegaNi\.vscode\extensions\redhat.java-1.36.0-win32-x64\server\plugins\org.eclipse.equinox.launcher_1.6.900.v20240613-2009.jar
Launcher Type: SUN_STANDARD

[Global flags]
    uintx AdaptiveSizePolicyWeight                 = 90                                        {product} {command line}
     intx CICompilerCount                          = 4                                         {product} {ergonomic}
    uintx GCTimeRatio                              = 4                                         {product} {command line}
     bool HeapDumpOnOutOfMemoryError               = true                                   {manageable} {command line}
    ccstr HeapDumpPath                             = c:\Users\OmarAlfredoNoriegaNi\AppData\Roaming\Code\User\workspaceStorage\29786f4ee22b15c147bd62439a4c0332\redhat.java         {manageable} {command line}
   size_t InitialHeapSize                          = 104857600                                 {product} {command line}
   size_t MaxHeapSize                              = 1073741824                                {product} {command line}
   size_t MaxNewSize                               = 357564416                                 {product} {ergonomic}
   size_t MinHeapDeltaBytes                        = 524288                                    {product} {ergonomic}
   size_t MinHeapSize                              = 104857600                                 {product} {command line}
   size_t NewSize                                  = 34603008                                  {product} {ergonomic}
    uintx NonNMethodCodeHeapSize                   = 5839372                                {pd product} {ergonomic}
    uintx NonProfiledCodeHeapSize                  = 122909434                              {pd product} {ergonomic}
   size_t OldSize                                  = 70254592                                  {product} {ergonomic}
    uintx ProfiledCodeHeapSize                     = 122909434                              {pd product} {ergonomic}
    uintx ReservedCodeCacheSize                    = 251658240                              {pd product} {ergonomic}
     bool SegmentedCodeCache                       = true                                      {product} {ergonomic}
   size_t SoftMaxHeapSize                          = 1073741824                             {manageable} {ergonomic}
     bool UseCompressedClassPointers               = true                           {product lp64_product} {ergonomic}
     bool UseCompressedOops                        = true                           {product lp64_product} {ergonomic}
     bool UseLargePagesIndividualAllocation        = false                                  {pd product} {ergonomic}
     bool UseParallelGC                            = true                                      {product} {command line}

Logging:
Log output configuration:
 #0: stdout all=off uptime,level,tags
 #1: stderr all=off uptime,level,tags

Environment Variables:
JAVA_HOME=C:\Program Files\Java\jdk-20
PATH=C:\Program Files\Microsoft SDKs\Azure\CLI2\wbin;C:\Python312\Scripts\;C:\Python312\;C:\Python311\Scripts\;C:\Python311\;C:\Program Files\Common Files\Oracle\Java\javapath;C:\Program Files (x86)\Common Files\Oracle\Java\java8path;C:\Program Files (x86)\Common Files\Oracle\Java\javapath;C:\Windows\system32;C:\Windows;C:\Windows\System32\Wbem;C:\Windows\System32\WindowsPowerShell\v1.0\;C:\Windows\System32\OpenSSH\;D:\tools\cmder\cmder.exe;C:\ProgramData\chocolatey\bin;C:\Program Files\Java\jdk-20\bin;C:\Program Files\maven\3.9.4\bin;C:\Program Files\gradle\gradle-8.2.1\bin;C:\Program Files\GitHub CLI\;C:\Program Files (x86)\GitHub CLI\;C:\Program Files\dotnet\;C:\Program Files (x86)\Symantec\VIP Access Client\;D:\Python311;D:\Program Files\nodejs\;D:\Program Files\Kubernetes\Minikube;;C:\Program Files\Docker\Docker\resources\bin;C:\Users\OmarAlfredoNoriegaNi\AppData\Local\Microsoft\WindowsApps;C:\Program Files\Java\jdk-20\bin;D:\Programs\Git\cmd;C:\Users\OmarAlfredoNoriegaNi\AppData\Roaming\npm;C:\Users\OmarAlfredoNoriegaNi\AppData\Local\GitHubDesktop\bin;C:\ProgramData\OmarAlfredoNoriegaNi\GitHubDesktop\bin
USERNAME=OmarAlfredoNoriegaNi
OS=Windows_NT
PROCESSOR_IDENTIFIER=Intel64 Family 6 Model 140 Stepping 1, GenuineIntel
TMP=C:\Users\OMARAL~1\AppData\Local\Temp
TEMP=C:\Users\OMARAL~1\AppData\Local\Temp



Periodic native trim disabled


---------------  S Y S T E M  ---------------

OS:
 Windows 10 , 64 bit Build 19041 (10.0.19041.5072)
OS uptime: 1 days 1:11 hours
Hyper-V role detected

CPU: total 8 (initial active 8) (4 cores per cpu, 2 threads per core) family 6 model 140 stepping 1 microcode 0x0, cx8, cmov, fxsr, ht, mmx, 3dnowpref, sse, sse2, sse3, ssse3, sse4.1, sse4.2, popcnt, lzcnt, tsc, tscinvbit, avx, avx2, aes, erms, clmul, bmi1, bmi2, adx, avx512f, avx512dq, avx512cd, avx512bw, avx512vl, sha, fma, vzeroupper, avx512_vpopcntdq, avx512_vpclmulqdq, avx512_vaes, avx512_vnni, clflush, clflushopt, clwb, avx512_vbmi2, avx512_vbmi, hv
Processor Information for all 8 processors :
  Max Mhz: 2611, Current Mhz: 1104, Mhz Limit: 1096

Memory: 4k page, system-wide physical 16087M (3580M free)
TotalPageFile size 31327M (AvailPageFile size 5054M)
current process WorkingSet (physical memory assigned to process): 695M, peak: 695M
current process commit charge ("private bytes"): 613M, peak: 619M

vm_info: OpenJDK 64-Bit Server VM (17.0.13+11) for windows-amd64 JRE (17.0.13+11), built on Oct 16 2024 00:10:08 by "admin" with MS VC++ 17.7 (VS2022)

END.
